<?xml version="1.0" encoding="UTF-8"?>
<testng-results ignored="0" total="1" passed="1" failed="0" skipped="0">
  <reporter-output>
  </reporter-output>
  <suite started-at="2021-03-04T18:01:38 IST" name="Default suite" finished-at="2021-03-04T18:01:50 IST" duration-ms="11994">
    <groups>
    </groups>
    <test started-at="2021-03-04T18:01:38 IST" name="Default test" finished-at="2021-03-04T18:01:50 IST" duration-ms="11994">
      <class name="testCase.loginTestCase">
        <test-method is-config="true" signature="stratUp()[pri:0, instance:testCase.loginTestCase@1bb266b3]" started-at="2021-03-04T18:01:38 IST" name="stratUp" finished-at="2021-03-04T18:01:47 IST" duration-ms="9091" status="PASS">
          <reporter-output>
          </reporter-output>
        </test-method> <!-- stratUp -->
        <test-method signature="loginpage()[pri:0, instance:testCase.loginTestCase@1bb266b3]" started-at="2021-03-04T18:01:47 IST" name="loginpage" finished-at="2021-03-04T18:01:49 IST" duration-ms="1567" status="PASS">
          <reporter-output>
          </reporter-output>
        </test-method> <!-- loginpage -->
        <test-method is-config="true" signature="close()[pri:0, instance:testCase.loginTestCase@1bb266b3]" started-at="2021-03-04T18:01:49 IST" name="close" finished-at="2021-03-04T18:01:50 IST" duration-ms="713" status="PASS">
          <reporter-output>
          </reporter-output>
        </test-method> <!-- close -->
        <test-method is-config="true" signature="endReport()[pri:0, instance:testCase.loginTestCase@1bb266b3]" started-at="2021-03-04T18:01:50 IST" name="endReport" finished-at="2021-03-04T18:01:50 IST" duration-ms="555" status="PASS">
          <reporter-output>
          </reporter-output>
        </test-method> <!-- endReport -->
      </class> <!-- testCase.loginTestCase -->
    </test> <!-- Default test -->
  </suite> <!-- Default suite -->
</testng-results>
