<?xml version="1.0" encoding="UTF-8"?>
<testng-results ignored="0" total="1" passed="1" failed="0" skipped="0">
  <reporter-output>
  </reporter-output>
  <suite started-at="2021-03-10T15:36:39Z" name="Suite" finished-at="2021-03-10T15:36:59Z" duration-ms="20589">
    <groups>
    </groups>
    <test started-at="2021-03-10T15:36:39Z" name="Test" finished-at="2021-03-10T15:36:59Z" duration-ms="20589">
      <class name="testCase.loginTestCase">
        <test-method is-config="true" signature="stratUp()[pri:0, instance:testCase.loginTestCase@3a543f31]" started-at="2021-03-10T15:36:39Z" name="stratUp" finished-at="2021-03-10T15:36:56Z" duration-ms="17137" status="PASS">
          <reporter-output>
          </reporter-output>
        </test-method> <!-- stratUp -->
        <test-method signature="loginpage()[pri:0, instance:testCase.loginTestCase@3a543f31]" started-at="2021-03-10T15:36:56Z" name="loginpage" finished-at="2021-03-10T15:36:58Z" duration-ms="1979" status="PASS">
          <reporter-output>
          </reporter-output>
        </test-method> <!-- loginpage -->
        <test-method is-config="true" signature="close()[pri:0, instance:testCase.loginTestCase@3a543f31]" started-at="2021-03-10T15:36:58Z" name="close" finished-at="2021-03-10T15:36:59Z" duration-ms="537" status="PASS">
          <reporter-output>
          </reporter-output>
        </test-method> <!-- close -->
        <test-method is-config="true" signature="endReport()[pri:0, instance:testCase.loginTestCase@3a543f31]" started-at="2021-03-10T15:36:59Z" name="endReport" finished-at="2021-03-10T15:36:59Z" duration-ms="554" status="PASS">
          <reporter-output>
          </reporter-output>
        </test-method> <!-- endReport -->
      </class> <!-- testCase.loginTestCase -->
    </test> <!-- Test -->
  </suite> <!-- Suite -->
</testng-results>
